<?xml version="1.0" encoding="UTF-8" ?>
<testsuite failures="0" time="0.018" errors="0" skipped="0" tests="1" name="com.frentix.AppTest">
  <properties>
    <property name="java.runtime.name" value="Java(TM) SE Runtime Environment"/>
    <property name="sun.boot.library.path" value="/Library/Java/JavaVirtualMachines/1.7.0.jdk/Contents/Home/jre/lib"/>
    <property name="java.vm.version" value="23.1-b03"/>
    <property name="user.country.format" value="CH"/>
    <property name="gopherProxySet" value="false"/>
    <property name="java.vm.vendor" value="Oracle Corporation"/>
    <property name="java.vendor.url" value="http://java.oracle.com/"/>
    <property name="path.separator" value=":"/>
    <property name="java.vm.name" value="Java HotSpot(TM) 64-Bit Server VM"/>
    <property name="file.encoding.pkg" value="sun.io"/>
    <property name="user.country" value="DE"/>
    <property name="sun.java.launcher" value="SUN_STANDARD"/>
    <property name="sun.os.patch.level" value="unknown"/>
    <property name="java.vm.specification.name" value="Java Virtual Machine Specification"/>
    <property name="user.dir" value="/Users/jkraehemann/Documents/IPA-JMeter/restclient/resttool"/>
    <property name="java.runtime.version" value="1.7.0_05-b05"/>
    <property name="java.awt.graphicsenv" value="sun.awt.CGraphicsEnvironment"/>
    <property name="basedir" value="/Users/jkraehemann/Documents/IPA-JMeter/restclient/resttool"/>
    <property name="java.endorsed.dirs" value="/Library/Java/JavaVirtualMachines/1.7.0.jdk/Contents/Home/jre/lib/endorsed"/>
    <property name="os.arch" value="x86_64"/>
    <property name="surefire.real.class.path" value="/Users/jkraehemann/Documents/IPA-JMeter/restclient/resttool/target/surefire/surefirebooter3367398910840284853.jar"/>
    <property name="java.io.tmpdir" value="/var/folders/bk/qpkl8vz95pb1xpp3479lsv8m0000gp/T/"/>
    <property name="line.separator" value="
"/>
    <property name="java.vm.specification.vendor" value="Oracle Corporation"/>
    <property name="os.name" value="Mac OS X"/>
    <property name="sun.jnu.encoding" value="UTF-8"/>
    <property name="java.library.path" value="/Users/jkraehemann/Library/Java/Extensions:/Library/Java/Extensions:/Network/Library/Java/Extensions:/System/Library/Java/Extensions:/usr/lib/java:."/>
    <property name="surefire.test.class.path" value="/Users/jkraehemann/Documents/IPA-JMeter/restclient/resttool/target/test-classes:/Users/jkraehemann/Documents/IPA-JMeter/restclient/resttool/target/classes:/Users/jkraehemann/.m2/repository/org/openolat/openolat-lms/8.4-SNAPSHOT/openolat-lms-8.4-SNAPSHOT.jar:/Users/jkraehemann/.m2/repository/log4j/log4j/1.2.17/log4j-1.2.17.jar:/Users/jkraehemann/.m2/repository/commons-lang/commons-lang/2.6/commons-lang-2.6.jar:/Users/jkraehemann/.m2/repository/commons-io/commons-io/2.4/commons-io-2.4.jar:/Users/jkraehemann/.m2/repository/org/apache/httpcomponents/httpclient/4.2.3/httpclient-4.2.3.jar:/Users/jkraehemann/.m2/repository/org/apache/httpcomponents/httpcore/4.2.2/httpcore-4.2.2.jar:/Users/jkraehemann/.m2/repository/commons-logging/commons-logging/1.1.1/commons-logging-1.1.1.jar:/Users/jkraehemann/.m2/repository/commons-codec/commons-codec/1.6/commons-codec-1.6.jar:/Users/jkraehemann/.m2/repository/org/apache/httpcomponents/httpmime/4.2.3/httpmime-4.2.3.jar:/Users/jkraehemann/.m2/repository/com/sun/jersey/jersey-client/1.12/jersey-client-1.12.jar:/Users/jkraehemann/.m2/repository/com/sun/jersey/jersey-core/1.12/jersey-core-1.12.jar:/Users/jkraehemann/.m2/repository/org/codehaus/jackson/jackson-mapper-lgpl/1.9.12/jackson-mapper-lgpl-1.9.12.jar:/Users/jkraehemann/.m2/repository/org/codehaus/jackson/jackson-core-lgpl/1.9.12/jackson-core-lgpl-1.9.12.jar:/Users/jkraehemann/.m2/repository/junit/junit/3.8.1/junit-3.8.1.jar:"/>
    <property name="java.specification.name" value="Java Platform API Specification"/>
    <property name="java.class.version" value="51.0"/>
    <property name="sun.management.compiler" value="HotSpot 64-Bit Tiered Compilers"/>
    <property name="os.version" value="10.7.5"/>
    <property name="http.nonProxyHosts" value="local|*.local|169.254/16|*.169.254/16"/>
    <property name="user.home" value="/Users/jkraehemann"/>
    <property name="user.timezone" value=""/>
    <property name="java.awt.printerjob" value="sun.lwawt.macosx.CPrinterJob"/>
    <property name="java.specification.version" value="1.7"/>
    <property name="file.encoding" value="UTF-8"/>
    <property name="user.name" value="jkraehemann"/>
    <property name="java.class.path" value="/Users/jkraehemann/Documents/IPA-JMeter/restclient/resttool/target/test-classes:/Users/jkraehemann/Documents/IPA-JMeter/restclient/resttool/target/classes:/Users/jkraehemann/.m2/repository/org/openolat/openolat-lms/8.4-SNAPSHOT/openolat-lms-8.4-SNAPSHOT.jar:/Users/jkraehemann/.m2/repository/log4j/log4j/1.2.17/log4j-1.2.17.jar:/Users/jkraehemann/.m2/repository/commons-lang/commons-lang/2.6/commons-lang-2.6.jar:/Users/jkraehemann/.m2/repository/commons-io/commons-io/2.4/commons-io-2.4.jar:/Users/jkraehemann/.m2/repository/org/apache/httpcomponents/httpclient/4.2.3/httpclient-4.2.3.jar:/Users/jkraehemann/.m2/repository/org/apache/httpcomponents/httpcore/4.2.2/httpcore-4.2.2.jar:/Users/jkraehemann/.m2/repository/commons-logging/commons-logging/1.1.1/commons-logging-1.1.1.jar:/Users/jkraehemann/.m2/repository/commons-codec/commons-codec/1.6/commons-codec-1.6.jar:/Users/jkraehemann/.m2/repository/org/apache/httpcomponents/httpmime/4.2.3/httpmime-4.2.3.jar:/Users/jkraehemann/.m2/repository/com/sun/jersey/jersey-client/1.12/jersey-client-1.12.jar:/Users/jkraehemann/.m2/repository/com/sun/jersey/jersey-core/1.12/jersey-core-1.12.jar:/Users/jkraehemann/.m2/repository/org/codehaus/jackson/jackson-mapper-lgpl/1.9.12/jackson-mapper-lgpl-1.9.12.jar:/Users/jkraehemann/.m2/repository/org/codehaus/jackson/jackson-core-lgpl/1.9.12/jackson-core-lgpl-1.9.12.jar:/Users/jkraehemann/.m2/repository/junit/junit/3.8.1/junit-3.8.1.jar:"/>
    <property name="java.vm.specification.version" value="1.7"/>
    <property name="sun.arch.data.model" value="64"/>
    <property name="java.home" value="/Library/Java/JavaVirtualMachines/1.7.0.jdk/Contents/Home/jre"/>
    <property name="sun.java.command" value="/Users/jkraehemann/Documents/IPA-JMeter/restclient/resttool/target/surefire/surefirebooter3367398910840284853.jar /Users/jkraehemann/Documents/IPA-JMeter/restclient/resttool/target/surefire/surefire8581318019199416481tmp /Users/jkraehemann/Documents/IPA-JMeter/restclient/resttool/target/surefire/surefire5265857153641009920tmp"/>
    <property name="java.specification.vendor" value="Oracle Corporation"/>
    <property name="user.language" value="de"/>
    <property name="awt.toolkit" value="sun.lwawt.macosx.LWCToolkit"/>
    <property name="java.vm.info" value="mixed mode"/>
    <property name="java.version" value="1.7.0_05"/>
    <property name="java.ext.dirs" value="/Users/jkraehemann/Library/Java/Extensions:/Library/Java/JavaVirtualMachines/1.7.0.jdk/Contents/Home/jre/lib/ext:/Library/Java/Extensions:/Network/Library/Java/Extensions:/System/Library/Java/Extensions:/usr/lib/java"/>
    <property name="sun.boot.class.path" value="/Library/Java/JavaVirtualMachines/1.7.0.jdk/Contents/Home/jre/lib/resources.jar:/Library/Java/JavaVirtualMachines/1.7.0.jdk/Contents/Home/jre/lib/rt.jar:/Library/Java/JavaVirtualMachines/1.7.0.jdk/Contents/Home/jre/lib/sunrsasign.jar:/Library/Java/JavaVirtualMachines/1.7.0.jdk/Contents/Home/jre/lib/jsse.jar:/Library/Java/JavaVirtualMachines/1.7.0.jdk/Contents/Home/jre/lib/jce.jar:/Library/Java/JavaVirtualMachines/1.7.0.jdk/Contents/Home/jre/lib/charsets.jar:/Library/Java/JavaVirtualMachines/1.7.0.jdk/Contents/Home/jre/lib/jfr.jar:/Library/Java/JavaVirtualMachines/1.7.0.jdk/Contents/Home/jre/lib/JObjC.jar:/Library/Java/JavaVirtualMachines/1.7.0.jdk/Contents/Home/jre/classes"/>
    <property name="java.vendor" value="Oracle Corporation"/>
    <property name="localRepository" value="/Users/jkraehemann/.m2/repository"/>
    <property name="file.separator" value="/"/>
    <property name="java.vendor.url.bug" value="http://bugreport.sun.com/bugreport/"/>
    <property name="sun.cpu.endian" value="little"/>
    <property name="sun.io.unicode.encoding" value="UnicodeBig"/>
    <property name="socksNonProxyHosts" value="local|*.local|169.254/16|*.169.254/16"/>
    <property name="ftp.nonProxyHosts" value="local|*.local|169.254/16|*.169.254/16"/>
    <property name="sun.cpu.isalist" value=""/>
  </properties>
  <testcase time="0.002" classname="com.frentix.AppTest" name="testApp"/>
</testsuite>